info it worked if it ends with ok
verbose cli [ 'node', '/usr/bin/npm', 'install', '-g', 'phonegap' ]
info using npm@1.1.4
info using node@v0.6.12
verbose config file /home/gaston/.npmrc
verbose config file /usr/etc/npmrc
verbose config file /usr/share/npm/npmrc
silly exec /usr/bin/node "/usr/share/npm/bin/npm-get-uid-gid.js" "nobody" 1000
silly spawning [ '/usr/bin/node',
silly spawning   [ '/usr/share/npm/bin/npm-get-uid-gid.js', 'nobody', 1000 ],
silly spawning   null ]
silly output from getuid/gid {"uid":65534,"gid":1000}
silly output from getuid/gid 
verbose cache add [ 'phonegap', null ]
silly cache add: name, spec, args [ undefined, 'phonegap', [ 'phonegap', null ] ]
verbose parsed url { pathname: 'phonegap', path: 'phonegap', href: 'phonegap' }
verbose addNamed [ 'phonegap', '' ]
verbose addNamed [ null, '' ]
silly name, range, hasData [ 'phonegap', '', false ]
verbose raw, before any munging phonegap
verbose url resolving [ 'http://registry.npmjs.org/', './phonegap' ]
verbose url resolved http://registry.npmjs.org/phonegap
verbose etag "9VW04RWYRRUZMZXUU7SOU86R6"
http GET http://registry.npmjs.org/phonegap
http 304 http://registry.npmjs.org/phonegap
silly get cb [ 304,
silly get cb   { date: 'Fri, 11 Sep 2015 05:09:59 GMT',
silly get cb     via: '1.1 varnish',
silly get cb     'cache-control': 'max-age=60',
silly get cb     etag: '"9VW04RWYRRUZMZXUU7SOU86R6"',
silly get cb     age: '0',
silly get cb     connection: 'keep-alive',
silly get cb     'x-served-by': 'cache-iad2122-IAD',
silly get cb     'x-cache': 'HIT',
silly get cb     'x-cache-hits': '1',
silly get cb     'x-timer': 'S1441948199.703692,VS0,VE353',
silly get cb     vary: 'Accept' } ]
verbose etag phonegap from cache
silly name, range, hasData 2 [ 'phonegap', '', true ]
silly versions [ 'phonegap', [] ]
ERR! Error: No compatible version found: phonegap
ERR! No valid targets found.
ERR! Perhaps not compatible with your version of node?
ERR!     at installTargetsError (/usr/share/npm/lib/cache.js:488:10)
ERR!     at next_ (/usr/share/npm/lib/cache.js:438:17)
ERR!     at next (/usr/share/npm/lib/cache.js:415:44)
ERR!     at /usr/share/npm/lib/cache.js:408:5
ERR!     at saved (/usr/share/npm/lib/utils/npm-registry-client/get.js:147:7)
ERR!     at Object.oncomplete (/usr/lib/nodejs/graceful-fs.js:230:7)
ERR! You may report this log at:
ERR!     <http://bugs.debian.org/npm>
ERR! or use
ERR!     reportbug --attach /home/gaston/aplicacion/aeunco/aeunco/npm-debug.log npm
ERR! 
ERR! System Linux 3.13.0-32-generic
ERR! command "node" "/usr/bin/npm" "install" "-g" "phonegap"
ERR! cwd /home/gaston/aplicacion/aeunco/aeunco
ERR! node -v v0.6.12
ERR! npm -v 1.1.4
ERR! message No compatible version found: phonegap
ERR! message No valid targets found.
ERR! message Perhaps not compatible with your version of node?
verbose exit [ 1, true ]
